<?xml version="1.0" encoding="UTF-8"?>
<!-- Generated by org.testng.reporters.JUnitReportReporter -->
<testsuite hostname="XIPL91470" failures="0" tests="1" name="Utilities.BaseClass" time="4.313" errors="0" timestamp="2022-03-25T15:36:22 IST" skipped="0">
  <testcase classname="Utilities.BaseClass" name="setUp" time="4.313"/>
  <system-out/>
</testsuite> <!-- Utilities.BaseClass -->
